<?xml version="1.0" encoding="UTF-8"?>
<TestRun id="d1c4afd8-6dd8-4960-a1bd-a07466f3e2bb" name="GG@DESKTOP-N0QODF6 2015-10-11 12:42:43" runUser="DESKTOP-N0QODF6\GG" xmlns="http://microsoft.com/schemas/VisualStudio/TeamTest/2010">
  <Times creation="2015-10-11T12:42:43.6381157+03:00" queuing="2015-10-11T12:42:43.6421183+03:00" start="2015-10-11T12:42:43.6491214+03:00" finish="2015-10-11T12:42:43.7281726+03:00" />
  <TestSettings name="default" id="cfb9e326-9f24-4942-961b-9cc3d1c83055">
    <Execution>
      <TestTypeSpecific />
    </Execution>
    <Deployment runDeploymentRoot="GG_DESKTOP-N0QODF6 2015-10-11 12_42_43" />
    <Properties />
  </TestSettings>
  <Results>
    <UnitTestResult executionId="6c1d8164-2e46-4890-a5bb-77d845e1b004" testId="f037348e-5622-8afa-d033-2a52f8422eb4" testName="IndexShouldReturnAllCars" computerName="DESKTOP-N0QODF6" duration="00:00:00.0179689" startTime="2015-10-11T12:42:42.1921549+03:00" endTime="2015-10-11T12:42:42.8185699+03:00" testType="13cdc9d9-ddb5-4fa4-a97d-d965ccfc6d4b" outcome="Passed" testListId="8c84fa94-04c1-424b-9868-57a2d4851a1d" relativeResultsDirectory="6c1d8164-2e46-4890-a5bb-77d845e1b004" />
    <UnitTestResult executionId="7ee72df7-4c28-4e68-aa1f-e217caca1bc4" testId="55a31307-e0ad-955e-d03e-8485b4400afd" testName="AddingCarShouldThrowArgumentNullExceptionIfCarIsNull" computerName="DESKTOP-N0QODF6" duration="00:00:00.0100567" startTime="2015-10-11T12:42:42.8275774+03:00" endTime="2015-10-11T12:42:42.8415859+03:00" testType="13cdc9d9-ddb5-4fa4-a97d-d965ccfc6d4b" outcome="Passed" testListId="8c84fa94-04c1-424b-9868-57a2d4851a1d" relativeResultsDirectory="7ee72df7-4c28-4e68-aa1f-e217caca1bc4" />
    <UnitTestResult executionId="d1ea39ed-a31d-4165-89ae-4e45a824ea72" testId="9289f178-2c67-4183-d44e-0a95f0bbc38f" testName="AddingCarShouldThrowArgumentNullExceptionIfCarMakeIsNull" computerName="DESKTOP-N0QODF6" duration="00:00:00.0020806" startTime="2015-10-11T12:42:42.8415859+03:00" endTime="2015-10-11T12:42:42.8465892+03:00" testType="13cdc9d9-ddb5-4fa4-a97d-d965ccfc6d4b" outcome="Passed" testListId="8c84fa94-04c1-424b-9868-57a2d4851a1d" relativeResultsDirectory="d1ea39ed-a31d-4165-89ae-4e45a824ea72" />
    <UnitTestResult executionId="8015662a-3d0b-43bc-a4a4-d3f2d10d0dbb" testId="a4a492ca-b156-093c-4dad-2c91ffef94c3" testName="AddingCarShouldThrowArgumentNullExceptionIfCarModelIsNull" computerName="DESKTOP-N0QODF6" duration="00:00:00.0019385" startTime="2015-10-11T12:42:42.8465892+03:00" endTime="2015-10-11T12:42:42.8505911+03:00" testType="13cdc9d9-ddb5-4fa4-a97d-d965ccfc6d4b" outcome="Passed" testListId="8c84fa94-04c1-424b-9868-57a2d4851a1d" relativeResultsDirectory="8015662a-3d0b-43bc-a4a4-d3f2d10d0dbb" />
    <UnitTestResult executionId="32377baa-9dcc-4f46-a466-d28e7cb0f5cb" testId="16acb12f-ccfb-b450-5855-9be1648ee526" testName="AddingCarShouldReturnADetail" computerName="DESKTOP-N0QODF6" duration="00:00:00.0042106" startTime="2015-10-11T12:42:42.8505911+03:00" endTime="2015-10-11T12:42:42.8575969+03:00" testType="13cdc9d9-ddb5-4fa4-a97d-d965ccfc6d4b" outcome="Passed" testListId="8c84fa94-04c1-424b-9868-57a2d4851a1d" relativeResultsDirectory="32377baa-9dcc-4f46-a466-d28e7cb0f5cb" />
    <UnitTestResult executionId="c7e22dfb-0e2f-4597-9878-453edb15cc1e" testId="4ca634f7-bba5-7e75-6e98-c5196f3991ba" testName="SortingByMakeShouldOrderItemsCorrectly" computerName="DESKTOP-N0QODF6" duration="00:00:00.0018548" startTime="2015-10-11T12:42:42.8575969+03:00" endTime="2015-10-11T12:42:42.8615984+03:00" testType="13cdc9d9-ddb5-4fa4-a97d-d965ccfc6d4b" outcome="Passed" testListId="8c84fa94-04c1-424b-9868-57a2d4851a1d" relativeResultsDirectory="c7e22dfb-0e2f-4597-9878-453edb15cc1e" />
    <UnitTestResult executionId="3ddcb3ee-049b-4bdf-9e5a-6e35c9638e96" testId="fe6a5130-3fde-1340-d788-efa433e1d62c" testName="SortingByYearShouldOrderItemsCorrectly" computerName="DESKTOP-N0QODF6" duration="00:00:00.0009675" startTime="2015-10-11T12:42:42.8615984+03:00" endTime="2015-10-11T12:42:42.8646004+03:00" testType="13cdc9d9-ddb5-4fa4-a97d-d965ccfc6d4b" outcome="Passed" testListId="8c84fa94-04c1-424b-9868-57a2d4851a1d" relativeResultsDirectory="3ddcb3ee-049b-4bdf-9e5a-6e35c9638e96" />
    <UnitTestResult executionId="e746cee5-109a-43bf-b471-dc88be5a6293" testId="08e76dd2-ea1d-4519-2d96-4e9fa20797cc" testName="SortingByNotSortableParameterShouldThrow" computerName="DESKTOP-N0QODF6" duration="00:00:00.0013804" startTime="2015-10-11T12:42:42.8646004+03:00" endTime="2015-10-11T12:42:42.8686034+03:00" testType="13cdc9d9-ddb5-4fa4-a97d-d965ccfc6d4b" outcome="Passed" testListId="8c84fa94-04c1-424b-9868-57a2d4851a1d" relativeResultsDirectory="e746cee5-109a-43bf-b471-dc88be5a6293" />
    <UnitTestResult executionId="21368e80-34cf-494e-b730-df62b74702e0" testId="8bab4cd7-8f14-88ab-974d-77c2c0eac6a8" testName="SortingByEmptyStringShouldThrow" computerName="DESKTOP-N0QODF6" duration="00:00:00.0012829" startTime="2015-10-11T12:42:42.8686034+03:00" endTime="2015-10-11T12:42:42.8726065+03:00" testType="13cdc9d9-ddb5-4fa4-a97d-d965ccfc6d4b" outcome="Passed" testListId="8c84fa94-04c1-424b-9868-57a2d4851a1d" relativeResultsDirectory="21368e80-34cf-494e-b730-df62b74702e0" />
    <UnitTestResult executionId="947d4895-ecc8-4814-8389-f77fb7b4b85c" testId="dc1288d0-fecf-ba30-9a76-ac801bb3d054" testName="SearchingByValidModelShouldReturnCorrectResult" computerName="DESKTOP-N0QODF6" duration="00:00:00.0014344" startTime="2015-10-11T12:42:42.8726065+03:00" endTime="2015-10-11T12:42:42.8766091+03:00" testType="13cdc9d9-ddb5-4fa4-a97d-d965ccfc6d4b" outcome="Passed" testListId="8c84fa94-04c1-424b-9868-57a2d4851a1d" relativeResultsDirectory="947d4895-ecc8-4814-8389-f77fb7b4b85c" />
  </Results>
  <TestDefinitions>
    <UnitTest name="IndexShouldReturnAllCars" storage="c:\users\gg\desktop\high-quality-code-master\20. mocking and justmock\demo\cars.tests.justmock\bin\debug\cars.tests.justmock.dll" id="f037348e-5622-8afa-d033-2a52f8422eb4">
      <Execution id="6c1d8164-2e46-4890-a5bb-77d845e1b004" />
      <TestMethod codeBase="C:\Users\GG\Desktop\High-Quality-Code-master\20. Mocking and JustMock\Demo\Cars.Tests.JustMock\bin\Debug\Cars.Tests.JustMock.dll" adapterTypeName="Microsoft.VisualStudio.TestTools.TestTypes.Unit.UnitTestAdapter" className="Cars.Tests.JustMock.CarsControllerTests" name="IndexShouldReturnAllCars" />
    </UnitTest>
    <UnitTest name="AddingCarShouldThrowArgumentNullExceptionIfCarIsNull" storage="c:\users\gg\desktop\high-quality-code-master\20. mocking and justmock\demo\cars.tests.justmock\bin\debug\cars.tests.justmock.dll" id="55a31307-e0ad-955e-d03e-8485b4400afd">
      <Execution id="7ee72df7-4c28-4e68-aa1f-e217caca1bc4" />
      <TestMethod codeBase="C:\Users\GG\Desktop\High-Quality-Code-master\20. Mocking and JustMock\Demo\Cars.Tests.JustMock\bin\Debug\Cars.Tests.JustMock.dll" adapterTypeName="Microsoft.VisualStudio.TestTools.TestTypes.Unit.UnitTestAdapter" className="Cars.Tests.JustMock.CarsControllerTests" name="AddingCarShouldThrowArgumentNullExceptionIfCarIsNull" />
    </UnitTest>
    <UnitTest name="AddingCarShouldThrowArgumentNullExceptionIfCarMakeIsNull" storage="c:\users\gg\desktop\high-quality-code-master\20. mocking and justmock\demo\cars.tests.justmock\bin\debug\cars.tests.justmock.dll" id="9289f178-2c67-4183-d44e-0a95f0bbc38f">
      <Execution id="d1ea39ed-a31d-4165-89ae-4e45a824ea72" />
      <TestMethod codeBase="C:\Users\GG\Desktop\High-Quality-Code-master\20. Mocking and JustMock\Demo\Cars.Tests.JustMock\bin\Debug\Cars.Tests.JustMock.dll" adapterTypeName="Microsoft.VisualStudio.TestTools.TestTypes.Unit.UnitTestAdapter" className="Cars.Tests.JustMock.CarsControllerTests" name="AddingCarShouldThrowArgumentNullExceptionIfCarMakeIsNull" />
    </UnitTest>
    <UnitTest name="AddingCarShouldThrowArgumentNullExceptionIfCarModelIsNull" storage="c:\users\gg\desktop\high-quality-code-master\20. mocking and justmock\demo\cars.tests.justmock\bin\debug\cars.tests.justmock.dll" id="a4a492ca-b156-093c-4dad-2c91ffef94c3">
      <Execution id="8015662a-3d0b-43bc-a4a4-d3f2d10d0dbb" />
      <TestMethod codeBase="C:\Users\GG\Desktop\High-Quality-Code-master\20. Mocking and JustMock\Demo\Cars.Tests.JustMock\bin\Debug\Cars.Tests.JustMock.dll" adapterTypeName="Microsoft.VisualStudio.TestTools.TestTypes.Unit.UnitTestAdapter" className="Cars.Tests.JustMock.CarsControllerTests" name="AddingCarShouldThrowArgumentNullExceptionIfCarModelIsNull" />
    </UnitTest>
    <UnitTest name="AddingCarShouldReturnADetail" storage="c:\users\gg\desktop\high-quality-code-master\20. mocking and justmock\demo\cars.tests.justmock\bin\debug\cars.tests.justmock.dll" id="16acb12f-ccfb-b450-5855-9be1648ee526">
      <Execution id="32377baa-9dcc-4f46-a466-d28e7cb0f5cb" />
      <TestMethod codeBase="C:\Users\GG\Desktop\High-Quality-Code-master\20. Mocking and JustMock\Demo\Cars.Tests.JustMock\bin\Debug\Cars.Tests.JustMock.dll" adapterTypeName="Microsoft.VisualStudio.TestTools.TestTypes.Unit.UnitTestAdapter" className="Cars.Tests.JustMock.CarsControllerTests" name="AddingCarShouldReturnADetail" />
    </UnitTest>
    <UnitTest name="SortingByMakeShouldOrderItemsCorrectly" storage="c:\users\gg\desktop\high-quality-code-master\20. mocking and justmock\demo\cars.tests.justmock\bin\debug\cars.tests.justmock.dll" id="4ca634f7-bba5-7e75-6e98-c5196f3991ba">
      <Execution id="c7e22dfb-0e2f-4597-9878-453edb15cc1e" />
      <TestMethod codeBase="C:\Users\GG\Desktop\High-Quality-Code-master\20. Mocking and JustMock\Demo\Cars.Tests.JustMock\bin\Debug\Cars.Tests.JustMock.dll" adapterTypeName="Microsoft.VisualStudio.TestTools.TestTypes.Unit.UnitTestAdapter" className="Cars.Tests.JustMock.CarsControllerTests" name="SortingByMakeShouldOrderItemsCorrectly" />
    </UnitTest>
    <UnitTest name="SortingByYearShouldOrderItemsCorrectly" storage="c:\users\gg\desktop\high-quality-code-master\20. mocking and justmock\demo\cars.tests.justmock\bin\debug\cars.tests.justmock.dll" id="fe6a5130-3fde-1340-d788-efa433e1d62c">
      <Execution id="3ddcb3ee-049b-4bdf-9e5a-6e35c9638e96" />
      <TestMethod codeBase="C:\Users\GG\Desktop\High-Quality-Code-master\20. Mocking and JustMock\Demo\Cars.Tests.JustMock\bin\Debug\Cars.Tests.JustMock.dll" adapterTypeName="Microsoft.VisualStudio.TestTools.TestTypes.Unit.UnitTestAdapter" className="Cars.Tests.JustMock.CarsControllerTests" name="SortingByYearShouldOrderItemsCorrectly" />
    </UnitTest>
    <UnitTest name="SortingByNotSortableParameterShouldThrow" storage="c:\users\gg\desktop\high-quality-code-master\20. mocking and justmock\demo\cars.tests.justmock\bin\debug\cars.tests.justmock.dll" id="08e76dd2-ea1d-4519-2d96-4e9fa20797cc">
      <Execution id="e746cee5-109a-43bf-b471-dc88be5a6293" />
      <TestMethod codeBase="C:\Users\GG\Desktop\High-Quality-Code-master\20. Mocking and JustMock\Demo\Cars.Tests.JustMock\bin\Debug\Cars.Tests.JustMock.dll" adapterTypeName="Microsoft.VisualStudio.TestTools.TestTypes.Unit.UnitTestAdapter" className="Cars.Tests.JustMock.CarsControllerTests" name="SortingByNotSortableParameterShouldThrow" />
    </UnitTest>
    <UnitTest name="SortingByEmptyStringShouldThrow" storage="c:\users\gg\desktop\high-quality-code-master\20. mocking and justmock\demo\cars.tests.justmock\bin\debug\cars.tests.justmock.dll" id="8bab4cd7-8f14-88ab-974d-77c2c0eac6a8">
      <Execution id="21368e80-34cf-494e-b730-df62b74702e0" />
      <TestMethod codeBase="C:\Users\GG\Desktop\High-Quality-Code-master\20. Mocking and JustMock\Demo\Cars.Tests.JustMock\bin\Debug\Cars.Tests.JustMock.dll" adapterTypeName="Microsoft.VisualStudio.TestTools.TestTypes.Unit.UnitTestAdapter" className="Cars.Tests.JustMock.CarsControllerTests" name="SortingByEmptyStringShouldThrow" />
    </UnitTest>
    <UnitTest name="SearchingByValidModelShouldReturnCorrectResult" storage="c:\users\gg\desktop\high-quality-code-master\20. mocking and justmock\demo\cars.tests.justmock\bin\debug\cars.tests.justmock.dll" id="dc1288d0-fecf-ba30-9a76-ac801bb3d054">
      <Execution id="947d4895-ecc8-4814-8389-f77fb7b4b85c" />
      <TestMethod codeBase="C:\Users\GG\Desktop\High-Quality-Code-master\20. Mocking and JustMock\Demo\Cars.Tests.JustMock\bin\Debug\Cars.Tests.JustMock.dll" adapterTypeName="Microsoft.VisualStudio.TestTools.TestTypes.Unit.UnitTestAdapter" className="Cars.Tests.JustMock.CarsControllerTests" name="SearchingByValidModelShouldReturnCorrectResult" />
    </UnitTest>
  </TestDefinitions>
  <TestEntries>
    <TestEntry testId="f037348e-5622-8afa-d033-2a52f8422eb4" executionId="6c1d8164-2e46-4890-a5bb-77d845e1b004" testListId="8c84fa94-04c1-424b-9868-57a2d4851a1d" />
    <TestEntry testId="55a31307-e0ad-955e-d03e-8485b4400afd" executionId="7ee72df7-4c28-4e68-aa1f-e217caca1bc4" testListId="8c84fa94-04c1-424b-9868-57a2d4851a1d" />
    <TestEntry testId="9289f178-2c67-4183-d44e-0a95f0bbc38f" executionId="d1ea39ed-a31d-4165-89ae-4e45a824ea72" testListId="8c84fa94-04c1-424b-9868-57a2d4851a1d" />
    <TestEntry testId="a4a492ca-b156-093c-4dad-2c91ffef94c3" executionId="8015662a-3d0b-43bc-a4a4-d3f2d10d0dbb" testListId="8c84fa94-04c1-424b-9868-57a2d4851a1d" />
    <TestEntry testId="16acb12f-ccfb-b450-5855-9be1648ee526" executionId="32377baa-9dcc-4f46-a466-d28e7cb0f5cb" testListId="8c84fa94-04c1-424b-9868-57a2d4851a1d" />
    <TestEntry testId="4ca634f7-bba5-7e75-6e98-c5196f3991ba" executionId="c7e22dfb-0e2f-4597-9878-453edb15cc1e" testListId="8c84fa94-04c1-424b-9868-57a2d4851a1d" />
    <TestEntry testId="fe6a5130-3fde-1340-d788-efa433e1d62c" executionId="3ddcb3ee-049b-4bdf-9e5a-6e35c9638e96" testListId="8c84fa94-04c1-424b-9868-57a2d4851a1d" />
    <TestEntry testId="08e76dd2-ea1d-4519-2d96-4e9fa20797cc" executionId="e746cee5-109a-43bf-b471-dc88be5a6293" testListId="8c84fa94-04c1-424b-9868-57a2d4851a1d" />
    <TestEntry testId="8bab4cd7-8f14-88ab-974d-77c2c0eac6a8" executionId="21368e80-34cf-494e-b730-df62b74702e0" testListId="8c84fa94-04c1-424b-9868-57a2d4851a1d" />
    <TestEntry testId="dc1288d0-fecf-ba30-9a76-ac801bb3d054" executionId="947d4895-ecc8-4814-8389-f77fb7b4b85c" testListId="8c84fa94-04c1-424b-9868-57a2d4851a1d" />
  </TestEntries>
  <TestLists>
    <TestList name="Results Not in a List" id="8c84fa94-04c1-424b-9868-57a2d4851a1d" />
    <TestList name="All Loaded Results" id="19431567-8539-422a-85d7-44ee4e166bda" />
  </TestLists>
  <ResultSummary outcome="Completed">
    <Counters total="10" executed="10" passed="10" failed="0" error="0" timeout="0" aborted="0" inconclusive="0" passedButRunAborted="0" notRunnable="0" notExecuted="0" disconnected="0" warning="0" completed="0" inProgress="0" pending="0" />
  </ResultSummary>
</TestRun>